<?xml version="1.0" encoding="UTF-8"?>
<!-- Generated by org.testng.reporters.JUnitReportReporter -->
<testsuite skipped="0" hostname="Computadora" name="TestNGPackage.TestNGTraining" tests="1" failures="0" timestamp="17 Apr 2017 21:18:21 GMT" time="1.097" errors="0">
  <testcase name="fillForm" time="1.097" classname="TestNGPackage.TestNGTraining"/>
</testsuite> <!-- TestNGPackage.TestNGTraining -->
